2025-04-30 14:11:31 | INFO    39492 | format_demo:example_3_special_formats:264 - 
System Status Report
==================================================
CPU Usage: 45%
Memory Usage: 60%
Disk Space: 120GB Available
Network: Normal
Service Status: All services running
==================================================
2025-04-30 14:11:31 | WARNING 39492 | format_demo:example_3_special_formats:278 - 

 .----------------.  .----------------.  .----------------.  .-----------------. .----------------.  .-----------------. .----------------. 
| .--------------. || .--------------. || .--------------. || .--------------. || .--------------. || .--------------. || .--------------. |
| | _____  _____ | || |      __      | || |  _______     | || | ____  _____  | || |     _____    | || | ____  _____  | || |    ______    | |
| ||_   _||_   _|| || |     /  \     | || | |_   __ \    | || ||_   \|_   _| | || |    |_   _|   | || ||_   \|_   _| | || |  .' ___  |   | |
| |  | | /\ | |  | || |    / /\ \    | || |   | |__) |   | || |  |   \ | |   | || |      | |     | || |  |   \ | |   | || | / .'   \_|   | |
| |  | |/  \| |  | || |   / ____ \   | || |   |  __ /    | || |  | |\ \| |   | || |      | |     | || |  | |\ \| |   | || | | |    ____  | |
| |  |   /\   |  | || | _/ /    \ \_ | || |  _| |  \ \_  | || | _| |_\   |_  | || |     _| |_    | || | _| |_\   |_  | || | \ `.___]  _| | |
| |  |__/  \__|  | || ||____|  |____|| || | |____| |___| | || ||_____|\____| | || |    |_____|   | || ||_____|\____| | || |  `._____.'   | |
| |              | || |              | || |              | || |              | || |              | || |              | || |              | |
| '--------------' || '--------------' || '--------------' || '--------------' || '--------------' || '--------------' || '--------------' |
 '----------------'  '----------------'  '----------------'  '----------------'  '----------------'  '----------------'  '----------------' 

==================================================
2025-04-30 14:11:31 | ERROR   39492 | format_demo:example_3_special_formats:286 - 
System Alert
==================================================
   ###    ##       ######## ########  ######## 
  ## ##   ##       ##       ##     ##    ##    
 ##   ##  ##       ##       ##     ##    ##    
##     ## ##       ######   ########     ##    
######### ##       ##       ##   ##      ##    
##     ## ##       ##       ##    ##     ##    
##     ## ######## ######## ##     ##    ##    

Detected abnormal traffic
Time: 2025-04-28 15:30:45
Source IP: 192.168.1.100
Target: Authentication Service
Possible attack type: Brute Force
==================================================
2025-04-30 14:11:31 | INFO    39492 | format_demo:example_3_special_formats:320 - 'Hello, World!' contains only ASCII characters: True
2025-04-30 14:11:31 | INFO    39492 | format_demo:example_3_special_formats:323 - '你好，世界！' contains only ASCII characters: False
2025-04-30 14:11:31 | INFO    39492 | format_demo:example_3_special_formats:326 - Using global function: 'Hello, World!' contains only ASCII characters: True
2025-04-30 14:11:31 | INFO    39492 | format_demo:example_3_special_formats:333 - FIGlet support enabled
2025-04-30 14:11:31 | INFO    39492 | format_demo:example_3_special_formats:366 - FIGlet header output skipped: ImportError
